  Bullet.cpp
  Game.cpp
C:\Users\ldk20\OneDrive\Documents\github repo\Working SDL Game1\SDL_Template32\Bullet.cpp(14,28): warning C4244: '-=': 'float'에서 'int'(으)로 변환하면서 데이터가 손실될 수 있습니다.
C:\Users\ldk20\OneDrive\Documents\github repo\Working SDL Game1\SDL_Template32\Ship.h(14,27): warning C4305: '초기화 중': 'double'에서 'float'(으)로 잘립니다.
C:\Users\ldk20\OneDrive\Documents\github repo\Working SDL Game1\SDL_Template32\Game.cpp(49,67): warning C4244: '인수': 'float'에서 'int'(으)로 변환하면서 데이터가 손실될 수 있습니다.
C:\Users\ldk20\OneDrive\Documents\github repo\Working SDL Game1\SDL_Template32\Game.cpp(93,45): warning C4244: '-=': 'float'에서 'int'(으)로 변환하면서 데이터가 손실될 수 있습니다.
C:\Users\ldk20\OneDrive\Documents\github repo\Working SDL Game1\SDL_Template32\Game.cpp(99,45): warning C4244: '+=': 'float'에서 'int'(으)로 변환하면서 데이터가 손실될 수 있습니다.
C:\Users\ldk20\OneDrive\Documents\github repo\Working SDL Game1\SDL_Template32\Game.cpp(104,45): warning C4244: '-=': 'float'에서 'int'(으)로 변환하면서 데이터가 손실될 수 있습니다.
C:\Users\ldk20\OneDrive\Documents\github repo\Working SDL Game1\SDL_Template32\Game.cpp(109,45): warning C4244: '+=': 'float'에서 'int'(으)로 변환하면서 데이터가 손실될 수 있습니다.
  Main.cpp
C:\Users\ldk20\OneDrive\Documents\github repo\Working SDL Game1\SDL_Template32\Game.cpp(151,25): warning C4018: '<': signed 또는 unsigned가 일치하지 않습니다.
  Ship.cpp
C:\Users\ldk20\OneDrive\Documents\github repo\Working SDL Game1\SDL_Template32\Ship.h(14,27): warning C4305: '초기화 중': 'double'에서 'float'(으)로 잘립니다.
  Sprite.cpp
  SpriteManager.cpp
C:\Users\ldk20\OneDrive\Documents\github repo\Working SDL Game1\SDL_Template32\Ship.h(14,27): warning C4305: '초기화 중': 'double'에서 'float'(으)로 잘립니다.
C:\Users\ldk20\OneDrive\Documents\github repo\Working SDL Game1\SDL_Template32\SpriteManager.cpp(14,20): warning C4018: '<': signed 또는 unsigned가 일치하지 않습니다.
C:\Users\ldk20\OneDrive\Documents\github repo\Working SDL Game1\SDL_Template32\SpriteManager.cpp(23,20): warning C4018: '<': signed 또는 unsigned가 일치하지 않습니다.
  코드를 생성하고 있습니다...
C:\Users\ldk20\OneDrive\Documents\github repo\Working SDL Game1\SDL_Template32\SpriteManager.cpp(47,20): warning C4018: '<': signed 또는 unsigned가 일치하지 않습니다.
  SDL_Template32.vcxproj -> C:\Users\ldk20\OneDrive\Documents\github repo\Working SDL Game1\Debug\SDL_Template32.exe
